20230529_Android_Firebase1/app/build/intermediates/manifest_merge_blame_file/debug/manifest-merger-blame-debug-report.txt
1<?xml version="1.0" encoding="utf-8"?>
2<manifest xmlns:android="http://schemas.android.com/apk/res/android"
3    package="com.example.a20230529_android_firebase1"
4    android:versionCode="1"
5    android:versionName="1.0" >
6
7    <uses-sdk
8        android:minSdkVersion="31"
8-->src\main\AndroidManifest.xml
9        android:targetSdkVersion="33" />
9-->src\main\AndroidManifest.xml
10
11    <uses-permission android:name="android.permission.INTERNET" />
11-->src\main\AndroidManifest.xml:5:5-66
11-->src\main\AndroidManifest.xml:5:22-64
12    <uses-permission android:name="android.permission.ACCESS_NETWORK_STATE" />
12-->src\main\AndroidManifest.xml:6:5-78
12-->src\main\AndroidManifest.xml:6:22-76
13    <uses-permission android:name="android.permission.WAKE_LOCK" />
13-->[com.google.android.gms:play-services-measurement-api:21.2.2] AndroidManifest.xml:24:5-68
13-->[com.google.android.gms:play-services-measurement-api:21.2.2] AndroidManifest.xml:24:22-65
14    <uses-permission android:name="com.google.android.gms.permission.AD_ID" />
14-->[com.google.android.gms:play-services-measurement-api:21.2.2] AndroidManifest.xml:25:5-79
14-->[com.google.android.gms:play-services-measurement-api:21.2.2] AndroidManifest.xml:25:22-76
15    <uses-permission android:name="com.google.android.finsky.permission.BIND_GET_INSTALL_REFERRER_SERVICE" />
15-->[com.google.android.gms:play-services-measurement:21.2.2] AndroidManifest.xml:26:5-110
15-->[com.google.android.gms:play-services-measurement:21.2.2] AndroidManifest.xml:26:22-107
16
17    <application
17-->src\main\AndroidManifest.xml:8:5-26:19
18        android:allowBackup="true"
18-->src\main\AndroidManifest.xml:9:9-35
19        android:appComponentFactory="androidx.core.app.CoreComponentFactory"
19-->[androidx.core:core:1.7.0] AndroidManifest.xml:24:18-86
20        android:dataExtractionRules="@xml/data_extraction_rules"
20-->src\main\AndroidManifest.xml:10:9-65
21        android:debuggable="true"
22        android:extractNativeLibs="false"
23        android:fullBackupContent="@xml/backup_rules"
23-->src\main\AndroidManifest.xml:11:9-54
24        android:icon="@mipmap/ic_launcher"
24-->src\main\AndroidManifest.xml:12:9-43
25        android:label="@string/app_name"
25-->src\main\AndroidManifest.xml:13:9-41
26        android:supportsRtl="true"
26-->src\main\AndroidManifest.xml:14:9-35
27        android:testOnly="true"
28        android:theme="@style/Theme.20230529_Android_Firebase1" >
28-->src\main\AndroidManifest.xml:15:9-64
29        <activity
29-->src\main\AndroidManifest.xml:17:9-25:20
30            android:name="com.example.a20230529_android_firebase1.MainActivity"
30-->src\main\AndroidManifest.xml:18:13-41
31            android:exported="true" >
31-->src\main\AndroidManifest.xml:19:13-36
32            <intent-filter>
32-->src\main\AndroidManifest.xml:20:13-24:29
33                <action android:name="android.intent.action.MAIN" />
33-->src\main\AndroidManifest.xml:21:17-69
33-->src\main\AndroidManifest.xml:21:25-66
34
35                <category android:name="android.intent.category.LAUNCHER" />
35-->src\main\AndroidManifest.xml:23:17-77
35-->src\main\AndroidManifest.xml:23:27-74
36            </intent-filter>
37        </activity>
38
39        <service
39-->[com.google.firebase:firebase-database:20.2.1] AndroidManifest.xml:28:9-34:19
40            android:name="com.google.firebase.components.ComponentDiscoveryService"
40-->[com.google.firebase:firebase-database:20.2.1] AndroidManifest.xml:29:13-84
41            android:directBootAware="true"
41-->[com.google.firebase:firebase-common:20.3.2] AndroidManifest.xml:34:13-43
42            android:exported="false" >
42-->[com.google.firebase:firebase-database:20.2.1] AndroidManifest.xml:30:13-37
43            <meta-data
43-->[com.google.firebase:firebase-database:20.2.1] AndroidManifest.xml:31:13-33:85
44                android:name="com.google.firebase.components:com.google.firebase.database.DatabaseRegistrar"
44-->[com.google.firebase:firebase-database:20.2.1] AndroidManifest.xml:32:17-109
45                android:value="com.google.firebase.components.ComponentRegistrar" />
45-->[com.google.firebase:firebase-database:20.2.1] AndroidManifest.xml:33:17-82
46            <meta-data
46-->[com.google.android.gms:play-services-measurement-api:21.2.2] AndroidManifest.xml:31:13-33:85
47                android:name="com.google.firebase.components:com.google.firebase.analytics.connector.internal.AnalyticsConnectorRegistrar"
47-->[com.google.android.gms:play-services-measurement-api:21.2.2] AndroidManifest.xml:32:17-139
48                android:value="com.google.firebase.components.ComponentRegistrar" />
48-->[com.google.android.gms:play-services-measurement-api:21.2.2] AndroidManifest.xml:33:17-82
49            <meta-data
49-->[com.google.firebase:firebase-installations:17.1.3] AndroidManifest.xml:17:13-19:85
50                android:name="com.google.firebase.components:com.google.firebase.installations.FirebaseInstallationsRegistrar"
50-->[com.google.firebase:firebase-installations:17.1.3] AndroidManifest.xml:18:17-127
51                android:value="com.google.firebase.components.ComponentRegistrar" />
51-->[com.google.firebase:firebase-installations:17.1.3] AndroidManifest.xml:19:17-82
52        </service>
53
54        <provider
54-->[com.google.firebase:firebase-common:20.3.2] AndroidManifest.xml:25:9-30:39
55            android:name="com.google.firebase.provider.FirebaseInitProvider"
55-->[com.google.firebase:firebase-common:20.3.2] AndroidManifest.xml:26:13-77
56            android:authorities="com.example.a20230529_android_firebase1.firebaseinitprovider"
56-->[com.google.firebase:firebase-common:20.3.2] AndroidManifest.xml:27:13-72
57            android:directBootAware="true"
57-->[com.google.firebase:firebase-common:20.3.2] AndroidManifest.xml:28:13-43
58            android:exported="false"
58-->[com.google.firebase:firebase-common:20.3.2] AndroidManifest.xml:29:13-37
59            android:initOrder="100" />
59-->[com.google.firebase:firebase-common:20.3.2] AndroidManifest.xml:30:13-36
60
61        <activity
61-->[com.google.android.gms:play-services-base:18.1.0] AndroidManifest.xml:20:9-22:45
62            android:name="com.google.android.gms.common.api.GoogleApiActivity"
62-->[com.google.android.gms:play-services-base:18.1.0] AndroidManifest.xml:20:19-85
63            android:exported="false"
63-->[com.google.android.gms:play-services-base:18.1.0] AndroidManifest.xml:22:19-43
64            android:theme="@android:style/Theme.Translucent.NoTitleBar" />
64-->[com.google.android.gms:play-services-base:18.1.0] AndroidManifest.xml:21:19-78
65
66        <receiver
66-->[com.google.android.gms:play-services-measurement:21.2.2] AndroidManifest.xml:29:9-33:20
67            android:name="com.google.android.gms.measurement.AppMeasurementReceiver"
67-->[com.google.android.gms:play-services-measurement:21.2.2] AndroidManifest.xml:30:13-85
68            android:enabled="true"
68-->[com.google.android.gms:play-services-measurement:21.2.2] AndroidManifest.xml:31:13-35
69            android:exported="false" >
69-->[com.google.android.gms:play-services-measurement:21.2.2] AndroidManifest.xml:32:13-37
70        </receiver>
71
72        <service
72-->[com.google.android.gms:play-services-measurement:21.2.2] AndroidManifest.xml:35:9-38:40
73            android:name="com.google.android.gms.measurement.AppMeasurementService"
73-->[com.google.android.gms:play-services-measurement:21.2.2] AndroidManifest.xml:36:13-84
74            android:enabled="true"
74-->[com.google.android.gms:play-services-measurement:21.2.2] AndroidManifest.xml:37:13-35
75            android:exported="false" />
75-->[com.google.android.gms:play-services-measurement:21.2.2] AndroidManifest.xml:38:13-37
76        <service
76-->[com.google.android.gms:play-services-measurement:21.2.2] AndroidManifest.xml:39:9-43:72
77            android:name="com.google.android.gms.measurement.AppMeasurementJobService"
77-->[com.google.android.gms:play-services-measurement:21.2.2] AndroidManifest.xml:40:13-87
78            android:enabled="true"
78-->[com.google.android.gms:play-services-measurement:21.2.2] AndroidManifest.xml:41:13-35
79            android:exported="false"
79-->[com.google.android.gms:play-services-measurement:21.2.2] AndroidManifest.xml:42:13-37
80            android:permission="android.permission.BIND_JOB_SERVICE" />
80-->[com.google.android.gms:play-services-measurement:21.2.2] AndroidManifest.xml:43:13-69
81
82        <meta-data
82-->[com.google.android.gms:play-services-basement:18.1.0] AndroidManifest.xml:21:9-23:69
83            android:name="com.google.android.gms.version"
83-->[com.google.android.gms:play-services-basement:18.1.0] AndroidManifest.xml:22:13-58
84            android:value="@integer/google_play_services_version" />
84-->[com.google.android.gms:play-services-basement:18.1.0] AndroidManifest.xml:23:13-66
85
86        <provider
86-->[androidx.emoji2:emoji2:1.0.0] AndroidManifest.xml:26:9-34:20
87            android:name="androidx.startup.InitializationProvider"
87-->[androidx.emoji2:emoji2:1.0.0] AndroidManifest.xml:27:13-67
88            android:authorities="com.example.a20230529_android_firebase1.androidx-startup"
88-->[androidx.emoji2:emoji2:1.0.0] AndroidManifest.xml:28:13-68
89            android:exported="false" >
89-->[androidx.emoji2:emoji2:1.0.0] AndroidManifest.xml:29:13-37
90            <meta-data
90-->[androidx.emoji2:emoji2:1.0.0] AndroidManifest.xml:31:13-33:52
91                android:name="androidx.emoji2.text.EmojiCompatInitializer"
91-->[androidx.emoji2:emoji2:1.0.0] AndroidManifest.xml:32:17-75
92                android:value="androidx.startup" />
92-->[androidx.emoji2:emoji2:1.0.0] AndroidManifest.xml:33:17-49
93            <meta-data
93-->[androidx.lifecycle:lifecycle-process:2.4.0] AndroidManifest.xml:31:13-33:52
94                android:name="androidx.lifecycle.ProcessLifecycleInitializer"
94-->[androidx.lifecycle:lifecycle-process:2.4.0] AndroidManifest.xml:32:17-78
95                android:value="androidx.startup" />
95-->[androidx.lifecycle:lifecycle-process:2.4.0] AndroidManifest.xml:33:17-49
96        </provider>
97    </application>
98
99</manifest>